number,value,datetime_start,datetime_complete,duration,params_alpha,params_base_channels,params_batch_size,params_bottleneck_dim,params_dropout,params_learning_rate,system_attrs_tpe:relative_params:0,state
0,0.15959429437038947,2026-10-03 05:25:23.261307,2026-10-03 05:27:17.832549,0 days 00:01:54.571242,0.9364594334728974,16,16,4096,0.0020584494295802446,0.0003574712922600243,,COMPLETE
1,0.101409686312956,2026-10-03 05:27:17.854994,2026-10-03 05:29:03.895701,0 days 00:01:46.040707,0.6648628294821612,32,16,8192,0.029214464853521818,0.0016967533607196547,,COMPLETE
2,0.1098588390677583,2026-10-03 05:29:03.919764,2026-10-03 05:30:51.058266,0 days 00:01:47.138502,0.8637788066524075,48,16,16384,0.09656320330745594,0.000471705203762518,,COMPLETE
3,0.1718917262320425,2026-10-03 05:30:51.079222,2026-10-03 05:32:36.968351,0 days 00:01:45.889129,0.7340306095300149,16,32,8192,0.031171107608941095,0.00028180680291847244,,COMPLETE
4,0.14726270694358679,2026-10-03 05:32:36.991239,2026-10-03 05:34:25.326394,0 days 00:01:48.335155,0.646398648843469,16,32,4096,0.004522728891053806,0.000642033033629786,,COMPLETE
5,0.13253608591416305,2026-10-03 05:34:25.348174,2026-10-03 05:36:18.814339,0 days 00:01:53.466165,0.5894220566903776,48,32,8192,0.07722447692966575,0.00037507963596256056,,COMPLETE
6,0.20167539189843572,2026-10-03 05:36:18.839226,2026-10-03 05:36:52.172918,0 days 00:00:33.333692,0.5286012576287107,32,16,4096,0.03308980248526492,0.0001018959297939515,,PRUNED
7,0.20250183741251632,2026-10-03 05:36:52.193616,2026-10-03 05:37:25.414288,0 days 00:00:33.220672,0.7222080183639759,32,32,4096,0.0770967179954561,0.0002879775265707035,,PRUNED
8,0.12165226877904406,2026-10-03 05:37:25.433237,2026-10-03 05:39:17.031229,0 days 00:01:51.597992,0.8399980123443719,32,16,8192,0.04103829230356298,0.0005917520523090669,,COMPLETE
9,0.25065104400410376,2026-10-03 05:39:17.069248,2026-10-03 05:39:50.124925,0 days 00:00:33.055677,0.7427040088620428,16,32,4096,0.08925589984899779,0.00021775224101934097,,PRUNED
10,0.11898655377182306,2026-10-03 05:39:50.157951,2026-10-03 05:41:43.157947,0 days 00:01:52.999996,0.6344560437045992,32,16,8192,0.07697872388671718,0.002273111781122438,"{""alpha"": 0.6344560437045992, ""base_channels"": 32, ""batch_size"": 16, ""bottleneck_dim"": 8192, ""dropout"": 0.07697872388671718, ""learning_rate"": 0.002273111781122438}",COMPLETE
11,0.18702107141999635,2026-10-03 05:41:43.182464,2026-10-03 05:42:17.684571,0 days 00:00:34.502107,0.8135443114693189,48,16,16384,0.08456508885312508,0.00010784480775676315,"{""alpha"": 0.8135443114693189, ""base_channels"": 48, ""batch_size"": 16, ""bottleneck_dim"": 16384, ""dropout"": 0.08456508885312508, ""learning_rate"": 0.00010784480775676315}",PRUNED
